2018-12-18_14h13min: ---------------------------------------
2018-12-18_14h13min: Iniciando Rotina de BackuppPublitech...
2018-12-18_14h13min: Compactador 7z OK!
2018-12-18_14h13min: Criando "config.ini"...
2018-12-18_14h41min: ---------------------------------------
2018-12-18_14h41min: Iniciando Rotina de BackuppPublitech...
2018-12-18_14h41min: Compactador 7z OK!
2018-12-18_14h41min:    Inicio BKP postgres...
2018-12-18_14h41min:        Iniciando BKP nome "BKP_Postgres-Publitech-dbteste-semEloarquivo_2018-12-18_14h41min.backup"...
2018-12-18_14h41min:            Erro BKP_Postgres-semEloarquivo. Verifique as Configuracoes da rotina!
2018-12-18_14h41min:        Iniciando compactacao 7z...
2018-12-18_14h41min:        Iniciando copia pasta nuvem...
2018-12-18_14h41min:        Limpando arquivos antigos, maior q 20 dias.
2018-12-18_14h41min:    Fim BKP postgres semEloarquivo...
2018-12-18_14h41min: FIM Rotina de BackuppPublitech!
2018-12-18_14h42min: ---------------------------------------
2018-12-18_14h42min: Iniciando Rotina de BackuppPublitech...
2018-12-18_14h42min: Compactador 7z OK!
2018-12-18_14h42min:    Inicio BKP postgres...
2018-12-18_14h42min:        Iniciando BKP nome "BKP_Postgres-Publitech-dbteste-semEloarquivo_2018-12-18_14h42min.backup"...
2018-12-18_14h42min:            Erro BKP_Postgres-semEloarquivo. Verifique as Configuracoes da rotina!
2018-12-18_14h42min: ---------------------------------------
2018-12-18_14h42min: Iniciando Rotina de BackuppPublitech...
2018-12-18_14h42min: Compactador 7z OK!
2018-12-18_14h42min:    Inicio BKP postgres...
2018-12-18_14h42min:        Iniciando BKP nome "BKP_Postgres-Publitech-dbteste-semEloarquivo_2018-12-18_14h42min.backup"...
2018-12-18_14h42min:            Erro BKP_Postgres-semEloarquivo. Verifique as Configuracoes da rotina!
